Your global Angular CLI version (1.7.3) is greater than your local
version (1.6.5). The local Angular CLI version is used.

To disable this warning use "ng set --global warnings.versionMismatch=false".
[0mDate: [1m[37m2018-05-07T02:44:57.326Z[39m[22m[0m
[0mHash: [1m[37mb985a39c3b7030892b0e[39m[22m[0m
[0mTime: [1m[37m30170[39m[22mms[0m
[0mchunk {[1m[33mabout.module[39m[22m} [1m[32mabout.module.chunk.js, about.module.chunk.js.map[39m[22m () 14.7 kB [1m[32m [rendered][39m[22m[0m
[0mchunk {[1m[33madmin-user.module[39m[22m} [1m[32madmin-user.module.chunk.js, admin-user.module.chunk.js.map[39m[22m () 27.3 kB [1m[32m [rendered][39m[22m[0m
[0mchunk {[1m[33mauth.module[39m[22m} [1m[32mauth.module.chunk.js, auth.module.chunk.js.map[39m[22m () 44.3 kB [1m[32m [rendered][39m[22m[0m
[0mchunk {[1m[33mcommon[39m[22m} [1m[32mcommon.chunk.js, common.chunk.js.map[39m[22m (common) 9.92 kB [1m[32m [rendered][39m[22m[0m
[0mchunk {[1m[33mcontact.module[39m[22m} [1m[32mcontact.module.chunk.js, contact.module.chunk.js.map[39m[22m () 14.7 kB [1m[32m [rendered][39m[22m[0m
[0mchunk {[1m[33mevents.module[39m[22m} [1m[32mevents.module.chunk.js, events.module.chunk.js.map[39m[22m () 275 kB [1m[32m [rendered][39m[22m[0m
[0mchunk {[1m[33mhome.module[39m[22m} [1m[32mhome.module.chunk.js, home.module.chunk.js.map[39m[22m () 14.4 kB [1m[32m [rendered][39m[22m[0m
[0mchunk {[1m[33minline[39m[22m} [1m[32minline.bundle.js, inline.bundle.js.map[39m[22m (inline) 5.83 kB [1m[33m[entry][39m[22m[1m[32m [rendered][39m[22m[0m
[0mchunk {[1m[33mmain[39m[22m} [1m[32mmain.bundle.js, main.bundle.js.map[39m[22m (main) 123 kB [1m[33m[initial][39m[22m[1m[32m [rendered][39m[22m[0m
[0mchunk {[1m[33mmember-user.module[39m[22m} [1m[32mmember-user.module.chunk.js, member-user.module.chunk.js.map[39m[22m () 14.2 kB [1m[32m [rendered][39m[22m[0m
[0mchunk {[1m[33mmembers.module[39m[22m} [1m[32mmembers.module.chunk.js, members.module.chunk.js.map[39m[22m () 40.5 kB [1m[32m [rendered][39m[22m[0m
[0mchunk {[1m[33mpolyfills[39m[22m} [1m[32mpolyfills.bundle.js, polyfills.bundle.js.map[39m[22m (polyfills) 201 kB [1m[33m[initial][39m[22m[1m[32m [rendered][39m[22m[0m
[0mchunk {[1m[33mstyles[39m[22m} [1m[32mstyles.bundle.js, styles.bundle.js.map[39m[22m (styles) 72.9 kB [1m[33m[initial][39m[22m[1m[32m [rendered][39m[22m[0m
[0mchunk {[1m[33mteams.module[39m[22m} [1m[32mteams.module.chunk.js, teams.module.chunk.js.map[39m[22m () 16.8 kB [1m[32m [rendered][39m[22m[0m
[0mchunk {[1m[33mvendor[39m[22m} [1m[32mvendor.bundle.js, vendor.bundle.js.map[39m[22m (vendor) 6.08 MB [1m[33m[initial][39m[22m[1m[32m [rendered][39m[22m[0m
